2020-11-23 16:01:43,813 [Worker-0: Loading available Gradle versions] INFO  o.e.b.c.i.u.g.PublishedGradleVersions - Gradle version information cache is up-to-date. Trying to read.
2020-11-23 16:07:10,338 [Worker-0: Creating project "my-first-spring-boot-without-springinitializr"] INFO  o.e.m.c.i.l.LifecycleMappingFactory - Using org.eclipse.m2e.jdt.JarLifecycleMapping lifecycle mapping for MavenProject: com.ideas:my-first-spring-boot-without-springinitializr:0.0.1-SNAPSHOT @ D:\Labs\ideas-spring-cloud\my-first-spring-boot-without-springinitializr\pom.xml.
2020-11-23 16:07:23,024 [Worker-0: Creating project "my-first-spring-boot-without-springinitializr"] INFO  o.e.m.j.i.AbstractJavaProjectConfigurator - Adding source folder /my-first-spring-boot-without-springinitializr/src/main/java
2020-11-23 16:07:23,049 [Worker-0: Creating project "my-first-spring-boot-without-springinitializr"] INFO  o.e.m.j.i.AbstractJavaProjectConfigurator - Adding resource folder /my-first-spring-boot-without-springinitializr/src/main/resources
2020-11-23 16:07:23,099 [Worker-0: Creating project "my-first-spring-boot-without-springinitializr"] INFO  o.e.m.j.i.AbstractJavaProjectConfigurator - Adding resource folder /my-first-spring-boot-without-springinitializr/src/main/resources
2020-11-23 16:07:23,122 [Worker-0: Creating project "my-first-spring-boot-without-springinitializr"] INFO  o.e.m.j.i.AbstractJavaProjectConfigurator - Adding source folder /my-first-spring-boot-without-springinitializr/src/test/java
2020-11-23 16:07:23,123 [Worker-0: Creating project "my-first-spring-boot-without-springinitializr"] INFO  o.e.m.j.i.AbstractJavaProjectConfigurator - Adding resource folder /my-first-spring-boot-without-springinitializr/src/test/resources
2020-11-23 16:07:31,281 [Worker-12: Building] INFO  o.e.m.c.i.embedder.EclipseLogger - Using 'UTF-8' encoding to copy filtered resources.
2020-11-23 16:07:31,293 [Worker-12: Building] INFO  o.e.m.c.i.embedder.EclipseLogger - Copying 0 resource
2020-11-23 16:07:31,294 [Worker-12: Building] INFO  o.e.m.c.i.embedder.EclipseLogger - Copying 0 resource
2020-11-23 16:07:31,304 [Worker-12: Building] INFO  o.e.m.c.i.embedder.EclipseLogger - Using 'UTF-8' encoding to copy filtered resources.
2020-11-23 16:07:31,305 [Worker-12: Building] INFO  o.e.m.c.i.embedder.EclipseLogger - Copying 0 resource
2020-11-23 16:08:58,387 [Worker-13: Building] INFO  o.e.m.c.i.l.LifecycleMappingFactory - Using org.eclipse.m2e.jdt.JarLifecycleMapping lifecycle mapping for MavenProject: com.ideas:my-first-spring-boot-without-springinitializr:0.0.1-SNAPSHOT @ D:\Labs\ideas-spring-cloud\my-first-spring-boot-without-springinitializr\pom.xml.
2020-11-23 16:09:07,869 [Worker-13: Building] INFO  o.e.m.c.i.embedder.EclipseLogger - Using 'UTF-8' encoding to copy filtered resources.
2020-11-23 16:09:07,938 [Worker-13: Building] INFO  o.e.m.c.i.embedder.EclipseLogger - Copying 0 resource
2020-11-23 16:09:07,941 [Worker-13: Building] INFO  o.e.m.c.i.embedder.EclipseLogger - Copying 0 resource
2020-11-23 16:09:07,948 [Worker-13: Building] INFO  o.e.m.c.i.embedder.EclipseLogger - Using 'UTF-8' encoding to copy filtered resources.
2020-11-23 16:09:07,948 [Worker-13: Building] INFO  o.e.m.c.i.embedder.EclipseLogger - Copying 0 resource
2020-11-23 16:09:14,401 [Worker-15: Building] INFO  o.e.m.c.i.l.LifecycleMappingFactory - Using org.eclipse.m2e.jdt.JarLifecycleMapping lifecycle mapping for MavenProject: com.ideas:my-first-spring-boot-without-springinitializr:0.0.1-SNAPSHOT @ D:\Labs\ideas-spring-cloud\my-first-spring-boot-without-springinitializr\pom.xml.
2020-11-23 16:09:17,769 [Worker-15: Building] INFO  o.e.m.c.i.embedder.EclipseLogger - Using 'UTF-8' encoding to copy filtered resources.
2020-11-23 16:09:17,783 [Worker-15: Building] INFO  o.e.m.c.i.embedder.EclipseLogger - Copying 0 resource
2020-11-23 16:09:17,786 [Worker-15: Building] INFO  o.e.m.c.i.embedder.EclipseLogger - Copying 0 resource
2020-11-23 16:09:17,800 [Worker-15: Building] INFO  o.e.m.c.i.embedder.EclipseLogger - Using 'UTF-8' encoding to copy filtered resources.
2020-11-23 16:09:17,801 [Worker-15: Building] INFO  o.e.m.c.i.embedder.EclipseLogger - Copying 0 resource
2020-11-23 16:09:20,069 [Worker-15: Building] INFO  o.e.m.c.i.embedder.EclipseLogger - Using 'UTF-8' encoding to copy filtered resources.
2020-11-23 16:09:20,071 [Worker-15: Building] INFO  o.e.m.c.i.embedder.EclipseLogger - Copying 0 resource
2020-11-23 16:09:20,072 [Worker-15: Building] INFO  o.e.m.c.i.embedder.EclipseLogger - Copying 0 resource
2020-11-23 16:09:20,078 [Worker-15: Building] INFO  o.e.m.c.i.embedder.EclipseLogger - Using 'UTF-8' encoding to copy filtered resources.
2020-11-23 16:09:20,079 [Worker-15: Building] INFO  o.e.m.c.i.embedder.EclipseLogger - Copying 0 resource
2020-11-23 16:10:06,818 [Worker-12: Building] INFO  o.e.m.c.i.embedder.EclipseLogger - Using 'UTF-8' encoding to copy filtered resources.
2020-11-23 16:10:06,819 [Worker-12: Building] INFO  o.e.m.c.i.embedder.EclipseLogger - Copying 0 resource
2020-11-23 16:10:06,820 [Worker-12: Building] INFO  o.e.m.c.i.embedder.EclipseLogger - Copying 0 resource
2020-11-23 16:10:06,827 [Worker-12: Building] INFO  o.e.m.c.i.embedder.EclipseLogger - Using 'UTF-8' encoding to copy filtered resources.
2020-11-23 16:10:06,828 [Worker-12: Building] INFO  o.e.m.c.i.embedder.EclipseLogger - Copying 0 resource
2020-11-23 16:10:26,795 [Worker-14: Building] INFO  o.e.m.c.i.embedder.EclipseLogger - Using 'UTF-8' encoding to copy filtered resources.
2020-11-23 16:10:26,797 [Worker-14: Building] INFO  o.e.m.c.i.embedder.EclipseLogger - Copying 0 resource
2020-11-23 16:10:26,803 [Worker-14: Building] INFO  o.e.m.c.i.embedder.EclipseLogger - Copying 0 resource
2020-11-23 16:10:26,808 [Worker-14: Building] INFO  o.e.m.c.i.embedder.EclipseLogger - Using 'UTF-8' encoding to copy filtered resources.
2020-11-23 16:10:26,809 [Worker-14: Building] INFO  o.e.m.c.i.embedder.EclipseLogger - Copying 0 resource
